This is pdfTeX, Version 3.1415926-1.40.9 (MiKTeX 2.7) (preloaded format=pdflatex 2009.5.22)  16 JUL 2009 16:19
entering extended mode
**C:/research/foundry-dist/docs/report/paper.tex
(C:/research/foundry-dist/docs/report/paper.tex
LaTeX2e <2005/12/01>
Babel <v3.8l> and hyphenation patterns for english, dumylang, nohyphenation, ge
rman, ngerman, german-x-2008-06-18, ngerman-x-2008-06-18, french, loaded.
(llncs.cls
Document Class: llncs 2004/08/17 v2.14 
 LaTeX document class for Lecture Notes in Computer Science
("C:\Program Files (x86)\MiKTeX 2.7\tex\latex\base\article.cls"
Document Class: article 2005/09/16 v1.4f Standard LaTeX document class
("C:\Program Files (x86)\MiKTeX 2.7\tex\latex\base\size10.clo"
File: size10.clo 2005/09/16 v1.4f Standard LaTeX file (size option)
)
\c@part=\count79
\c@section=\count80
\c@subsection=\count81
\c@subsubsection=\count82
\c@paragraph=\count83
\c@subparagraph=\count84
\c@figure=\count85
\c@table=\count86
\abovecaptionskip=\skip41
\belowcaptionskip=\skip42
\bibindent=\dimen102
)
("C:\Program Files (x86)\MiKTeX 2.7\tex\latex\tools\multicol.sty"
Package: multicol 2006/05/18 v1.6g multicolumn formatting (FMi)
\c@tracingmulticols=\count87
\mult@box=\box26
\multicol@leftmargin=\dimen103
\c@unbalance=\count88
\c@collectmore=\count89
\doublecol@number=\count90
\multicoltolerance=\count91
\multicolpretolerance=\count92
\full@width=\dimen104
\page@free=\dimen105
\premulticols=\dimen106
\postmulticols=\dimen107
\multicolsep=\skip43
\multicolbaselineskip=\skip44
\partial@page=\box27
\last@line=\box28
\mult@rightbox=\box29
\mult@grightbox=\box30
\mult@gfirstbox=\box31
\mult@firstbox=\box32
\@tempa=\box33
\@tempa=\box34
\@tempa=\box35
\@tempa=\box36
\@tempa=\box37
\@tempa=\box38
\@tempa=\box39
\@tempa=\box40
\@tempa=\box41
\@tempa=\box42
\@tempa=\box43
\@tempa=\box44
\@tempa=\box45
\@tempa=\box46
\@tempa=\box47
\@tempa=\box48
\@tempa=\box49
\c@columnbadness=\count93
\c@finalcolumnbadness=\count94
\last@try=\dimen108
\multicolovershoot=\dimen109
\multicolundershoot=\dimen110
\mult@nat@firstbox=\box50
\colbreak@box=\box51
)
\c@chapter=\count95
LaTeX Font Info:    Redeclaring math symbol \Gamma on input line 360.
LaTeX Font Info:    Redeclaring math symbol \Delta on input line 361.
LaTeX Font Info:    Redeclaring math symbol \Theta on input line 362.
LaTeX Font Info:    Redeclaring math symbol \Lambda on input line 363.
LaTeX Font Info:    Redeclaring math symbol \Xi on input line 364.
LaTeX Font Info:    Redeclaring math symbol \Pi on input line 365.
LaTeX Font Info:    Redeclaring math symbol \Sigma on input line 366.
LaTeX Font Info:    Redeclaring math symbol \Upsilon on input line 367.
LaTeX Font Info:    Redeclaring math symbol \Phi on input line 368.
LaTeX Font Info:    Redeclaring math symbol \Psi on input line 369.
LaTeX Font Info:    Redeclaring math symbol \Omega on input line 370.
\tocchpnum=\dimen111
\tocsecnum=\dimen112
\tocsectotal=\dimen113
\tocsubsecnum=\dimen114
\tocsubsectotal=\dimen115
\tocsubsubsecnum=\dimen116
\tocsubsubsectotal=\dimen117
\tocparanum=\dimen118
\tocparatotal=\dimen119
\tocsubparanum=\dimen120
\@tempcntc=\count96
\fnindent=\dimen121
\c@@inst=\count97
\c@@auth=\count98
\c@auco=\count99
\instindent=\dimen122
\authrun=\box52
\authorrunning=\toks14
\tocauthor=\toks15
\titrun=\box53
\titlerunning=\toks16
\toctitle=\toks17
\c@theorem=\count100
\c@case=\count101
\c@conjecture=\count102
\c@corollary=\count103
\c@definition=\count104
\c@example=\count105
\c@exercise=\count106
\c@lemma=\count107
\c@note=\count108
\c@problem=\count109
\c@property=\count110
\c@proposition=\count111
\c@question=\count112
\c@solution=\count113
\c@remark=\count114
\headlineindent=\dimen123
) (mac.tex)
("C:\Program Files (x86)\MiKTeX 2.7\tex\latex\amsmath\amsmath.sty"
Package: amsmath 2000/07/18 v2.13 AMS math features
\@mathmargin=\skip45

For additional information on amsmath, use the `?' option.
("C:\Program Files (x86)\MiKTeX 2.7\tex\latex\amsmath\amstext.sty"
Package: amstext 2000/06/29 v2.01

("C:\Program Files (x86)\MiKTeX 2.7\tex\latex\amsmath\amsgen.sty"
File: amsgen.sty 1999/11/30 v2.0
\@emptytoks=\toks18
\ex@=\dimen124
))
("C:\Program Files (x86)\MiKTeX 2.7\tex\latex\amsmath\amsbsy.sty"
Package: amsbsy 1999/11/29 v1.2d
\pmbraise@=\dimen125
)
("C:\Program Files (x86)\MiKTeX 2.7\tex\latex\amsmath\amsopn.sty"
Package: amsopn 1999/12/14 v2.01 operator names
)
\inf@bad=\count115
LaTeX Info: Redefining \frac on input line 211.
\uproot@=\count116
\leftroot@=\count117
LaTeX Info: Redefining \overline on input line 307.
\classnum@=\count118
\DOTSCASE@=\count119
LaTeX Info: Redefining \ldots on input line 379.
LaTeX Info: Redefining \dots on input line 382.
LaTeX Info: Redefining \cdots on input line 467.
\Mathstrutbox@=\box54
\strutbox@=\box55
\big@size=\dimen126
LaTeX Font Info:    Redeclaring font encoding OML on input line 567.
LaTeX Font Info:    Redeclaring font encoding OMS on input line 568.


Package amsmath Warning: Unable to redefine math accent \vec.

\macc@depth=\count120
\c@MaxMatrixCols=\count121
\dotsspace@=\muskip10
\c@parentequation=\count122
\dspbrk@lvl=\count123
\tag@help=\toks19
\row@=\count124
\column@=\count125
\maxfields@=\count126
\andhelp@=\toks20
\eqnshift@=\dimen127
\alignsep@=\dimen128
\tagshift@=\dimen129
\tagwidth@=\dimen130
\totwidth@=\dimen131
\lineht@=\dimen132
\@envbody=\toks21
\multlinegap=\skip46
\multlinetaggap=\skip47
\mathdisplay@stack=\toks22
LaTeX Info: Redefining \[ on input line 2666.
LaTeX Info: Redefining \] on input line 2667.
) ("C:\Program Files (x86)\MiKTeX 2.7\tex\latex\graphics\graphicx.sty"
Package: graphicx 1999/02/16 v1.0f Enhanced LaTeX Graphics (DPC,SPQR)

("C:\Program Files (x86)\MiKTeX 2.7\tex\latex\graphics\keyval.sty"
Package: keyval 1999/03/16 v1.13 key=value parser (DPC)
\KV@toks@=\toks23
)
("C:\Program Files (x86)\MiKTeX 2.7\tex\latex\graphics\graphics.sty"
Package: graphics 2006/02/20 v1.0o Standard LaTeX Graphics (DPC,SPQR)

("C:\Program Files (x86)\MiKTeX 2.7\tex\latex\graphics\trig.sty"
Package: trig 1999/03/16 v1.09 sin cos tan (DPC)
)
("C:\Program Files (x86)\MiKTeX 2.7\tex\latex\00miktex\graphics.cfg"
File: graphics.cfg 2007/01/18 v1.5 graphics configuration of teTeX/TeXLive
)
Package graphics Info: Driver file: pdftex.def on input line 90.

("C:\Program Files (x86)\MiKTeX 2.7\tex\latex\pdftex-def\pdftex.def"
File: pdftex.def 2008/09/08 v0.04l Graphics/color for pdfTeX
\Gread@gobject=\count127
))
\Gin@req@height=\dimen133
\Gin@req@width=\dimen134
)
("C:\Program Files (x86)\MiKTeX 2.7\tex\latex\tools\verbatim.sty"
Package: verbatim 2003/08/22 v1.5q LaTeX2e package for verbatim enhancements
\every@verbatim=\toks24
\verbatim@line=\toks25
\verbatim@in@stream=\read1
) (paper.aux)
LaTeX Font Info:    Checking defaults for OML/cmm/m/it on input line 21.
LaTeX Font Info:    ... okay on input line 21.
LaTeX Font Info:    Checking defaults for T1/cmr/m/n on input line 21.
LaTeX Font Info:    ... okay on input line 21.
LaTeX Font Info:    Checking defaults for OT1/cmr/m/n on input line 21.
LaTeX Font Info:    ... okay on input line 21.
LaTeX Font Info:    Checking defaults for OMS/cmsy/m/n on input line 21.
LaTeX Font Info:    ... okay on input line 21.
LaTeX Font Info:    Checking defaults for OMX/cmex/m/n on input line 21.
LaTeX Font Info:    ... okay on input line 21.
LaTeX Font Info:    Checking defaults for U/cmr/m/n on input line 21.
LaTeX Font Info:    ... okay on input line 21.

("C:\Program Files (x86)\MiKTeX 2.7\tex\context\base\supp-pdf.tex"
[Loading MPS to PDF converter (version 2006.09.02).]
\scratchcounter=\count128
\scratchdimen=\dimen135
\scratchbox=\box56
\nofMPsegments=\count129
\nofMParguments=\count130
\everyMPshowfont=\toks26
\MPscratchCnt=\count131
\MPscratchDim=\dimen136
\MPnumerator=\count132
\everyMPtoPDFconversion=\toks27
) (abstract.tex) (introduction.tex

LaTeX Warning: Citation `ACTORS' on page 1 undefined on input line 2.


LaTeX Warning: Citation `erlang-book' on page 1 undefined on input line 9.


LaTeX Warning: Citation `varela2001pdr' on page 1 undefined on input line 10.


LaTeX Warning: Citation `ptolemy-actors' on page 1 undefined on input line 10.


LaTeX Warning: Citation `elang' on page 1 undefined on input line 10.


LaTeX Warning: Citation `parley' on page 1 undefined on input line 11.


LaTeX Warning: Citation `stage' on page 1 undefined on input line 12.


LaTeX Warning: Citation `srinivasan2008kit' on page 1 undefined on input line 1
2.


LaTeX Warning: Citation `OAF' on page 1 undefined on input line 13.


LaTeX Warning: Citation `AA_Man' on page 1 undefined on input line 13.


LaTeX Warning: Citation `Zwicky' on page 1 undefined on input line 13.


LaTeX Warning: Citation `haller2007aut' on page 1 undefined on input line 13.

[1

{C:/ProgramData/MiKTeX/2.7/pdftex/config/pdftex.map}]

LaTeX Warning: Citation `mit-fos' on page 2 undefined on input line 17.


LaTeX Warning: Citation `mit-fos' on page 2 undefined on input line 19.


LaTeX Warning: Citation `singularity' on page 2 undefined on input line 19.


LaTeX Warning: Citation `servo' on page 2 undefined on input line 19.


LaTeX Warning: Citation `jpdc94' on page 2 undefined on input line 19.


LaTeX Warning: Citation `srinivasan2008kit' on page 2 undefined on input line 2
3.


Underfull \vbox (badness 10000) has occurred while \output is active []

 [2]

LaTeX Warning: Citation `iwmm92' on page 3 undefined on input line 25.


LaTeX Warning: Citation `weakrefs' on page 3 undefined on input line 25.


LaTeX Warning: Citation `agha1997fac' on page 3 undefined on input line 27.

) (semantics.tex
Underfull \vbox (badness 10000) has occurred while \output is active []

 [3]
Overfull \hbox (15.0pt too wide) in paragraph at lines 15--17
[][] 
 []

[4]

! LaTeX Error: Unknown graphics extension: .eps.

See the LaTeX manual or LaTeX Companion for explanation.
Type  H <return>  for immediate help.
 ...                                              
                                                  
l.64 }
      
Try typing  <return>  to proceed.
If that doesn't work, type  X <return>  to quit.


LaTeX Warning: Citation `weakrefs' on page 5 undefined on input line 73.

[5]

! LaTeX Error: Unknown graphics extension: .eps.

See the LaTeX manual or LaTeX Companion for explanation.
Type  H <return>  for immediate help.
 ...                                              
                                                  
l.87 }
      
Try typing  <return>  to proceed.
If that doesn't work, type  X <return>  to quit.


LaTeX Warning: Citation `mobility' on page 6 undefined on input line 101.


LaTeX Warning: Citation `jpdc94' on page 6 undefined on input line 103.

[6]
Overfull \hbox (15.0pt too wide) in paragraph at lines 107--109
[][] 
 []


LaTeX Warning: Citation `walsh2000spm' on page 7 undefined on input line 142.

[7]

LaTeX Warning: Citation `sc95' on page 8 undefined on input line 145.


! LaTeX Error: Unknown graphics extension: .eps.

See the LaTeX manual or LaTeX Companion for explanation.
Type  H <return>  for immediate help.
 ...                                              
                                                  
l.151 }
       
Try typing  <return>  to proceed.
If that doesn't work, type  X <return>  to quit.

) (implementation.tex

LaTeX Warning: Citation `OAF' on page 8 undefined on input line 3.


LaTeX Warning: Reference `actor_anatomy' on page 8 undefined on input line 3.

LaTeX Font Info:    Font shape `OT1/cmtt/bx/n' in size <10> not available
(Font)              Font shape `OT1/cmtt/m/n' tried instead on input line 5.

Overfull \hbox (10.09747pt too wide) in paragraph at lines 8--9
[]\OT1/cmr/m/n/10 Sends an asyn-chronous mes-sage and waits
 []

[8]

LaTeX Warning: Citation `multijava' on page 9 undefined on input line 27.


LaTeX Warning: Citation `erlang-book' on page 9 undefined on input line 28.


LaTeX Warning: Citation `haller2007aut' on page 9 undefined on input line 29.


LaTeX Warning: Citation `mobility' on page 9 undefined on input line 35.


LaTeX Warning: Citation `lang-shootout' on page 9 undefined on input line 39.


LaTeX Warning: Citation `wkim-phd' on page 9 undefined on input line 57.


Underfull \vbox (badness 10000) has occurred while \output is active []

 [9]
Overfull \hbox (0.65486pt too wide) in paragraph at lines 61--62
[]\OT1/cmr/m/n/10 Secondly, the trans-form also re-quire in-tro-duc-ing a sched
-uler for Ac-tor-Foundry
 []

[10]

LaTeX Warning: Citation `sc95' on page 11 undefined on input line 79.

)
Overfull \hbox (2.82162pt too wide) in paragraph at lines 35--36
\OT1/cmr/m/n/10 Figure 5[] com-pares the per-for-mance of op-ti-mized im-ple-me
n-ta-tion of Ac-tor-Foundry
 []

(discussion.tex [11]) (paper.bbl [12]
Underfull \hbox (badness 10000) in paragraph at lines 141--144
[]\OT1/cmr/m/n/9 Open Source.  The com-puter lan-guage bench-marks game.
 []

) [13] (paper.aux)

LaTeX Warning: There were undefined references.


LaTeX Warning: Label(s) may have changed. Rerun to get cross-references right.

 ) 
Here is how much of TeX's memory you used:
 2045 strings out of 95304
 22629 string characters out of 1182842
 86826 words of memory out of 1500000
 5251 multiletter control sequences out of 110000
 7245 words of font info for 27 fonts, out of 3000000 for 5000
 14 hyphenation exceptions out of 8191
 29i,5n,21p,1354b,286s stack positions out of 5000i,500n,10000p,200000b,50000s
<C:/Program Files (x86)/MiKTeX 2.7/fonts/type1/bluesky/cm/cmbx10.pfb><C:/Prog
ram Files (x86)/MiKTeX 2.7/fonts/type1/bluesky/cm/cmbx12.pfb><C:/Program Files 
(x86)/MiKTeX 2.7/fonts/type1/bluesky/cm/cmbx9.pfb><C:/Program Files (x86)/MiKTe
X 2.7/fonts/type1/bluesky/cm/cmmi10.pfb><C:/Program Files (x86)/MiKTeX 2.7/font
s/type1/bluesky/cm/cmr10.pfb><C:/Program Files (x86)/MiKTeX 2.7/fonts/type1/blu
esky/cm/cmr7.pfb><C:/Program Files (x86)/MiKTeX 2.7/fonts/type1/bluesky/cm/cmr9
.pfb><C:/Program Files (x86)/MiKTeX 2.7/fonts/type1/bluesky/cm/cmti10.pfb><C:/P
rogram Files (x86)/MiKTeX 2.7/fonts/type1/bluesky/cm/cmti9.pfb><C:/Program File
s (x86)/MiKTeX 2.7/fonts/type1/bluesky/cm/cmtt10.pfb><C:/Program Files (x86)/Mi
KTeX 2.7/fonts/type1/bluesky/cm/cmtt9.pfb>
Output written on paper.pdf (13 pages, 138536 bytes).
PDF statistics:
 89 PDF objects out of 1000 (max. 8388607)
 0 named destinations out of 1000 (max. 131072)
 1 words of extra memory for PDF output out of 10000 (max. 10000000)

